0 info it worked if it ends with ok
1 verbose cli [ 'C:\\Program Files\\nodejs\\node.exe',
1 verbose cli   'C:\\Program Files\\nodejs\\node_modules\\npm\\bin\\npm-cli.js',
1 verbose cli   'run',
1 verbose cli   'lite' ]
2 info using npm@3.10.8
3 info using node@v6.9.1
4 verbose run-script [ 'prelite', 'lite', 'postlite' ]
5 info lifecycle typescriptdemo@1.0.0~prelite: typescriptdemo@1.0.0
6 silly lifecycle typescriptdemo@1.0.0~prelite: no script for prelite, continuing
7 info lifecycle typescriptdemo@1.0.0~lite: typescriptdemo@1.0.0
8 verbose lifecycle typescriptdemo@1.0.0~lite: unsafe-perm in lifecycle true
9 verbose lifecycle typescriptdemo@1.0.0~lite: PATH: C:\Program Files\nodejs\node_modules\npm\bin\node-gyp-bin;C:\Users\snar19\Documents\TypeScriptDemo\FRA_PrimeNG_Demo\node_modules\.bin;C:\Program Files\nodejs\node_modules\npm\bin\node-gyp-bin;C:\Users\snar19\Documents\TypeScriptDemo\FRA_PrimeNG_Demo\node_modules\.bin;C:\ProgramData\Oracle\Java\javapath;C:\oraclexe\app\oracle\product\11.2.0\server\bin;;C:\windows\system32;C:\windows;C:\windows\System32\Wbem;C:\windows\System32\WindowsPowerShell\v1.0\;C:\Program Files (x86)\Brackets\command;C:\Program Files\nodejs\;C:\Program Files\Intel\WiFi\bin\;C:\Program Files\Common Files\Intel\WirelessCommon\;C:\Users\snar19\AppData\Roaming\npm;C:\Program Files\Intel\WiFi\bin\;C:\Program Files\Common Files\Intel\WirelessCommon\
10 verbose lifecycle typescriptdemo@1.0.0~lite: CWD: C:\Users\snar19\Documents\TypeScriptDemo\FRA_PrimeNG_Demo
11 silly lifecycle typescriptdemo@1.0.0~lite: Args: [ '/d /s /c', 'lite-server' ]
12 silly lifecycle typescriptdemo@1.0.0~lite: Returned: code: 3  signal: null
13 info lifecycle typescriptdemo@1.0.0~lite: Failed to exec lite script
14 verbose stack Error: typescriptdemo@1.0.0 lite: `lite-server`
14 verbose stack Exit status 3
14 verbose stack     at EventEmitter.<anonymous> (C:\Program Files\nodejs\node_modules\npm\lib\utils\lifecycle.js:255:16)
14 verbose stack     at emitTwo (events.js:106:13)
14 verbose stack     at EventEmitter.emit (events.js:191:7)
14 verbose stack     at ChildProcess.<anonymous> (C:\Program Files\nodejs\node_modules\npm\lib\utils\spawn.js:40:14)
14 verbose stack     at emitTwo (events.js:106:13)
14 verbose stack     at ChildProcess.emit (events.js:191:7)
14 verbose stack     at maybeClose (internal/child_process.js:877:16)
14 verbose stack     at Process.ChildProcess._handle.onexit (internal/child_process.js:226:5)
15 verbose pkgid typescriptdemo@1.0.0
16 verbose cwd C:\Users\snar19\Documents\TypeScriptDemo\FRA_PrimeNG_Demo
17 error Windows_NT 6.1.7601
18 error argv "C:\\Program Files\\nodejs\\node.exe" "C:\\Program Files\\nodejs\\node_modules\\npm\\bin\\npm-cli.js" "run" "lite"
19 error node v6.9.1
20 error npm  v3.10.8
21 error code ELIFECYCLE
22 error typescriptdemo@1.0.0 lite: `lite-server`
22 error Exit status 3
23 error Failed at the typescriptdemo@1.0.0 lite script 'lite-server'.
23 error Make sure you have the latest version of node.js and npm installed.
23 error If you do, this is most likely a problem with the typescriptdemo package,
23 error not with npm itself.
23 error Tell the author that this fails on your system:
23 error     lite-server
23 error You can get information on how to open an issue for this project with:
23 error     npm bugs typescriptdemo
23 error Or if that isn't available, you can get their info via:
23 error     npm owner ls typescriptdemo
23 error There is likely additional logging output above.
24 verbose exit [ 1, true ]
